MCPTool Logs
www.github.com/wrrulos/mcptool


[IP] 31.25.11.92:19132 (Bedrock)
[MOTD] ■■■■■■■■■■ SHATTEREDVANILLA.NET ■■■■■■■■■■ v3.8.0 ● ᴅɪsᴄᴏʀᴅ.ɢɢ/sʜᴀᴛᴛᴇʀᴇᴅ ● 1.18-1.20
[Version] 1.20.40
[Protocol] 622
[Players] 102/400
[Brand] MCPE
[Map] Geyser
[Gamemode] Survival
[Ping] 56.21100000280421
[BOT] Not compatible with Bedrock

[IP] 31.25.11.87:25565 (Java)
[MOTD] Invalid hostname. Please refer to our documentation at docs.tcpshield.com
[Version] TCPShield.com
[Protocol] 120
[Players] 0/0
[Names] ❌
[Mods Type] ❌
[Mods] []
[Ping] 51.313400001163245
[Bot] Error

[IP] 88.99.22.188:25565 (Java)
[MOTD] -----]--» | Ｇｒａｙ Ｗｏｒｌｄ | «--[-----SkyPvP | Донат за монетки | КЕЙСЫ | SkyWars | [1.8-1.19.2]
[Version] 1.7.x-1.20.x
[Protocol] 764
[Players] 1/2017
[Names] ❌
[Mods Type] ❌
[Mods] []
[Ping] ❌
[Bot] ● ● ● ●ＧｒａｙＷｏｒｌｄ● ● ● ●Задержка 2 секунд(Очень быстро перезашол. Не спеши.)

[IP] 51.89.16.17:25565 (Java)
[MOTD]  PlayMatix Network ❤ ʙыжиʙᴀʜиᴇ | ᴊᴀᴠᴀ/ʙᴇᴅʀᴏᴄᴋ | ᴀʜᴀᴘxия ❤
[Version] 1.16-1.20.2
[Protocol] 764
[Players] 25/1000
[Names] ❌
[Mods Type] ❌
[Mods] []
[Ping] ❌
[Bot] Premium Server
